\BOOKMARK [1][-]{section.0.1}{\376\377\000I\000n\000t\000r\000o\000d\000u\000c\000t\000i\000o\000n}{}% 1
\BOOKMARK [1][-]{section.0.2}{\376\377\000R\000e\000v\000i\000e\000w\000\040\000o\000f\000\040\000S\000e\000r\000v\000i\000n\000g\000\040\000O\000p\000t\000i\000o\000n\000s}{}% 2
\BOOKMARK [2][-]{subsection.0.2.1}{\376\377\000C\000l\000o\000u\000d\000-\000b\000a\000s\000e\000d\000\040\000S\000e\000r\000v\000i\000c\000e\000s}{section.0.2}% 3
\BOOKMARK [2][-]{subsection.0.2.2}{\376\377\000S\000p\000e\000c\000i\000a\000l\000i\000s\000e\000d\000\040\000M\000o\000d\000e\000l\000\040\000S\000e\000r\000v\000i\000n\000g\000\040\000F\000r\000a\000m\000e\000w\000o\000r\000k\000s}{section.0.2}% 4
\BOOKMARK [3][-]{subsubsection.0.2.2.1}{\376\377\000T\000o\000r\000c\000h\000S\000a\000v\000e\000/\000T\000e\000n\000s\000o\000r\000F\000l\000o\000w\000\040\000S\000e\000r\000v\000i\000n\000g}{subsection.0.2.2}% 5
\BOOKMARK [3][-]{subsubsection.0.2.2.2}{\376\377\000H\000u\000g\000g\000i\000n\000g\000F\000a\000c\000e}{subsection.0.2.2}% 6
\BOOKMARK [3][-]{subsubsection.0.2.2.3}{\376\377\000S\000t\000r\000e\000a\000m\000L\000i\000t}{subsection.0.2.2}% 7
\BOOKMARK [2][-]{subsection.0.2.3}{\376\377\000C\000o\000n\000t\000a\000i\000n\000e\000r\000-\000b\000a\000s\000e\000d\000\040\000D\000e\000p\000l\000o\000y\000m\000e\000n\000t}{section.0.2}% 8
\BOOKMARK [2][-]{subsection.0.2.4}{\376\377\000A\000P\000I\000\040\000C\000o\000n\000s\000i\000d\000e\000r\000a\000t\000i\000o\000n\000s}{section.0.2}% 9
\BOOKMARK [2][-]{subsection.0.2.5}{\376\377\000O\000u\000r\000\040\000C\000h\000o\000i\000c\000e}{section.0.2}% 10
\BOOKMARK [1][-]{section.0.3}{\376\377\000D\000e\000p\000l\000o\000y\000m\000e\000n\000t\000\040\000o\000f\000\040\000t\000h\000e\000\040\000S\000e\000r\000v\000i\000c\000e}{}% 11
\BOOKMARK [2][-]{subsection.0.3.1}{\376\377\000O\000v\000e\000r\000v\000i\000e\000w\000\040\000o\000f\000\040\000t\000h\000e\000\040\000S\000y\000s\000t\000e\000m}{section.0.3}% 12
\BOOKMARK [2][-]{subsection.0.3.2}{\376\377\000S\000y\000s\000t\000e\000m\000\040\000P\000i\000p\000e\000l\000i\000n\000e}{section.0.3}% 13
\BOOKMARK [2][-]{subsection.0.3.3}{\376\377\000E\000n\000v\000i\000r\000o\000n\000m\000e\000n\000t\000\040\000S\000e\000t\000\040\000U\000p}{section.0.3}% 14
\BOOKMARK [2][-]{subsection.0.3.4}{\376\377\000B\000a\000c\000k\000e\000n\000d\000\040\000M\000e\000t\000h\000o\000d\000o\000l\000o\000g\000y}{section.0.3}% 15
\BOOKMARK [2][-]{subsection.0.3.5}{\376\377\000I\000n\000i\000t\000i\000a\000l\000i\000s\000a\000t\000i\000o\000n\000\040\000a\000n\000d\000\040\000h\000a\000n\000d\000l\000i\000n\000g\000\040\000u\000s\000e\000r\000\040\000i\000n\000p\000u\000t}{section.0.3}% 16
\BOOKMARK [2][-]{subsection.0.3.6}{\376\377\000P\000r\000e\000p\000r\000o\000c\000e\000s\000s\000i\000n\000g}{section.0.3}% 17
\BOOKMARK [2][-]{subsection.0.3.7}{\376\377\000S\000y\000s\000t\000e\000m}{section.0.3}% 18
\BOOKMARK [2][-]{subsection.0.3.8}{\376\377\000F\000r\000o\000n\000t\000e\000n\000d\000\040\000M\000e\000t\000h\000o\000d\000o\000l\000o\000g\000y}{section.0.3}% 19
\BOOKMARK [2][-]{subsection.0.3.9}{\376\377\000I\000n\000t\000e\000r\000f\000a\000c\000e\000\040\000\046\000\040\000U\000s\000e\000r\000\040\000I\000n\000t\000e\000r\000a\000c\000t\000i\000o\000n}{section.0.3}% 20
\BOOKMARK [1][-]{section.0.4}{\376\377\000E\000v\000a\000l\000u\000a\000t\000i\000o\000n\000\040\000o\000f\000\040\000t\000h\000e\000\040\000S\000e\000r\000v\000i\000c\000e}{}% 21
\BOOKMARK [2][-]{subsection.0.4.1}{\376\377\000P\000e\000r\000f\000o\000r\000m\000a\000n\000c\000e\000\040\000E\000v\000a\000l\000u\000a\000t\000i\000o\000n\000\040\000M\000e\000t\000h\000o\000d\000s}{section.0.4}% 22
\BOOKMARK [3][-]{subsubsection.0.4.1.1}{\376\377\000S\000p\000i\000k\000e\000\040\000T\000e\000s\000t\000i\000n\000g\000\040\000A\000n\000a\000l\000y\000s\000i\000s}{subsection.0.4.1}% 23
\BOOKMARK [3][-]{subsubsection.0.4.1.2}{\376\377\000R\000a\000m\000p\000\040\000T\000e\000s\000t\000i\000n\000g\000\040\000A\000n\000a\000l\000y\000s\000i\000s}{subsection.0.4.1}% 24
\BOOKMARK [2][-]{subsection.0.4.2}{\376\377\000E\000n\000d\000p\000o\000i\000n\000t\000\040\000T\000e\000s\000t\000i\000n\000g}{section.0.4}% 25
\BOOKMARK [2][-]{subsection.0.4.3}{\376\377\000I\000m\000p\000a\000c\000t\000\040\000o\000f\000\040\000D\000o\000c\000k\000e\000r\000\040\000D\000i\000s\000t\000r\000i\000b\000u\000t\000i\000o\000n\000\040\000o\000n\000\040\000P\000e\000r\000f\000o\000r\000m\000a\000n\000c\000e}{section.0.4}% 26
\BOOKMARK [2][-]{subsection.0.4.4}{\376\377\000R\000e\000c\000o\000m\000m\000e\000n\000d\000a\000t\000i\000o\000n\000s\000\040\000f\000o\000r\000\040\000I\000m\000p\000r\000o\000v\000i\000n\000g\000\040\000P\000e\000r\000f\000o\000r\000m\000a\000n\000c\000e}{section.0.4}% 27
\BOOKMARK [1][-]{section.0.5}{\376\377\000C\000I\000/\000C\000D\000\040\000P\000i\000p\000e\000l\000i\000n\000e\000\040\000a\000n\000d\000\040\000M\000o\000n\000i\000t\000o\000r\000i\000n\000g}{}% 28
\BOOKMARK [2][-]{subsection.0.5.1}{\376\377\000B\000u\000i\000l\000d\000\040\000I\000n\000s\000t\000r\000u\000c\000t\000i\000o\000n\000s}{section.0.5}% 29
\BOOKMARK [2][-]{subsection.0.5.2}{\376\377\000C\000o\000n\000t\000i\000n\000u\000o\000u\000s\000\040\000I\000n\000t\000e\000g\000r\000a\000t\000i\000o\000n\000\040\000a\000n\000d\000\040\000D\000e\000p\000l\000o\000y\000m\000e\000n\000t}{section.0.5}% 30
\BOOKMARK [2][-]{subsection.0.5.3}{\376\377\000M\000o\000n\000i\000t\000o\000r\000i\000n\000g}{section.0.5}% 31
\BOOKMARK [1][-]{section.0.6}{\376\377\000C\000o\000n\000c\000l\000u\000s\000i\000o\000n\000\040\000a\000n\000d\000\040\000F\000u\000t\000u\000r\000e\000\040\000W\000o\000r\000k\000s}{}% 32
